<?xml version="1.0" encoding="UTF-8"?>
<testsuites>
  <testsuite name="" tests="79" assertions="118" errors="4" warnings="0" failures="0" skipped="16" time="1.479350">
    <testsuite name="Tick test suite" tests="79" assertions="118" errors="4" warnings="0" failures="0" skipped="16" time="1.479350">
      <testsuite name="EntityTest" file="/workspaces/php-tick/tests/unit/EntityTest.php" tests="12" assertions="49" errors="0" warnings="0" failures="0" skipped="0" time="0.097491">
        <testcase name="readCollectionNameFromDocumentation" class="EntityTest" classname="EntityTest" file="/workspaces/php-tick/tests/unit/EntityTest.php" line="67" assertions="1" time="0.039268"/>
        <testcase name="readConnectionNameFromDocumentation" class="EntityTest" classname="EntityTest" file="/workspaces/php-tick/tests/unit/EntityTest.php" line="79" assertions="1" time="0.006090"/>
        <testcase name="listProperties" class="EntityTest" classname="EntityTest" file="/workspaces/php-tick/tests/unit/EntityTest.php" line="91" assertions="1" time="0.005685"/>
        <testcase name="propertyExists" class="EntityTest" classname="EntityTest" file="/workspaces/php-tick/tests/unit/EntityTest.php" line="103" assertions="5" time="0.006499"/>
        <testcase name="propertyAlias" class="EntityTest" classname="EntityTest" file="/workspaces/php-tick/tests/unit/EntityTest.php" line="118" assertions="5" time="0.004884"/>
        <testcase name="defaultValue" class="EntityTest" classname="EntityTest" file="/workspaces/php-tick/tests/unit/EntityTest.php" line="136" assertions="5" time="0.004682"/>
        <testcase name="notNull" class="EntityTest" classname="EntityTest" file="/workspaces/php-tick/tests/unit/EntityTest.php" line="155" assertions="5" time="0.005330"/>
        <testcase name="fieldAlias" class="EntityTest" classname="EntityTest" file="/workspaces/php-tick/tests/unit/EntityTest.php" line="174" assertions="5" time="0.004228"/>
        <testcase name="mustBeUnique" class="EntityTest" classname="EntityTest" file="/workspaces/php-tick/tests/unit/EntityTest.php" line="199" assertions="5" time="0.004618"/>
        <testcase name="isValidLength" class="EntityTest" classname="EntityTest" file="/workspaces/php-tick/tests/unit/EntityTest.php" line="218" assertions="10" time="0.004651"/>
        <testcase name="propertyType" class="EntityTest" classname="EntityTest" file="/workspaces/php-tick/tests/unit/EntityTest.php" line="234" assertions="5" time="0.004086"/>
        <testcase name="parseDcoumentComment" class="EntityTest" classname="EntityTest" file="/workspaces/php-tick/tests/unit/EntityTest.php" line="252" assertions="1" time="0.007468"/>
      </testsuite>
      <testsuite name="MailTest" file="/workspaces/php-tick/tests/unit/MailTest.php" tests="3" assertions="3" errors="0" warnings="0" failures="0" skipped="0" time="0.039027">
        <testcase name="storeNew" class="MailTest" classname="MailTest" file="/workspaces/php-tick/tests/unit/MailTest.php" line="57" assertions="1" time="0.016267"/>
        <testcase name="remove" class="MailTest" classname="MailTest" file="/workspaces/php-tick/tests/unit/MailTest.php" line="78" assertions="1" time="0.012510"/>
        <testcase name="update" class="MailTest" classname="MailTest" file="/workspaces/php-tick/tests/unit/MailTest.php" line="103" assertions="1" time="0.010250"/>
      </testsuite>
      <testsuite name="ManagerTest" file="/workspaces/php-tick/tests/unit/ManagerTest.php" tests="3" assertions="10" errors="0" warnings="0" failures="0" skipped="0" time="0.024094">
        <testcase name="removeAllConnectionsOnlyDefault" class="ManagerTest" classname="ManagerTest" file="/workspaces/php-tick/tests/unit/ManagerTest.php" line="53" assertions="2" time="0.010355"/>
        <testcase name="removeAllConnectionsOnlyNamed" class="ManagerTest" classname="ManagerTest" file="/workspaces/php-tick/tests/unit/ManagerTest.php" line="69" assertions="4" time="0.006999"/>
        <testcase name="removeAllConnectionsBoth" class="ManagerTest" classname="ManagerTest" file="/workspaces/php-tick/tests/unit/ManagerTest.php" line="87" assertions="4" time="0.006740"/>
      </testsuite>
      <testsuite name="MUserTest" file="/workspaces/php-tick/tests/unit/MongoTest.php" tests="16" assertions="0" errors="0" warnings="0" failures="0" skipped="16" time="0.073793">
        <testcase name="getConnection" class="MUserTest" classname="MUserTest" file="/workspaces/php-tick/tests/unit/MongoTest.php" line="100" assertions="0" time="0.008298">
          <skipped/>
        </testcase>
        <testcase name="storeNew" class="MUserTest" classname="MUserTest" file="/workspaces/php-tick/tests/unit/MongoTest.php" line="113" assertions="0" time="0.004938">
          <skipped/>
        </testcase>
        <testcase name="remove" class="MUserTest" classname="MUserTest" file="/workspaces/php-tick/tests/unit/MongoTest.php" line="158" assertions="0" time="0.006174">
          <skipped/>
        </testcase>
        <testcase name="getOne" class="MUserTest" classname="MUserTest" file="/workspaces/php-tick/tests/unit/MongoTest.php" line="179" assertions="0" time="0.004554">
          <skipped/>
        </testcase>
        <testcase name="sortAscending" class="MUserTest" classname="MUserTest" file="/workspaces/php-tick/tests/unit/MongoTest.php" line="195" assertions="0" time="0.003742">
          <skipped/>
        </testcase>
        <testcase name="countAll" class="MUserTest" classname="MUserTest" file="/workspaces/php-tick/tests/unit/MongoTest.php" line="212" assertions="0" time="0.003626">
          <skipped/>
        </testcase>
        <testcase name="limit" class="MUserTest" classname="MUserTest" file="/workspaces/php-tick/tests/unit/MongoTest.php" line="226" assertions="0" time="0.003730">
          <skipped/>
        </testcase>
        <testcase name="offset" class="MUserTest" classname="MUserTest" file="/workspaces/php-tick/tests/unit/MongoTest.php" line="243" assertions="0" time="0.003958">
          <skipped/>
        </testcase>
        <testcase name="selectGreaterThan" class="MUserTest" classname="MUserTest" file="/workspaces/php-tick/tests/unit/MongoTest.php" line="261" assertions="0" time="0.003826">
          <skipped/>
        </testcase>
        <testcase name="selectLesserThan" class="MUserTest" classname="MUserTest" file="/workspaces/php-tick/tests/unit/MongoTest.php" line="277" assertions="0" time="0.004919">
          <skipped/>
        </testcase>
        <testcase name="selectLesserThanOrEqual" class="MUserTest" classname="MUserTest" file="/workspaces/php-tick/tests/unit/MongoTest.php" line="293" assertions="0" time="0.004426">
          <skipped/>
        </testcase>
        <testcase name="selectGreaterThanOrEqual" class="MUserTest" classname="MUserTest" file="/workspaces/php-tick/tests/unit/MongoTest.php" line="309" assertions="0" time="0.004561">
          <skipped/>
        </testcase>
        <testcase name="selectLike" class="MUserTest" classname="MUserTest" file="/workspaces/php-tick/tests/unit/MongoTest.php" line="325" assertions="0" time="0.004261">
          <skipped/>
        </testcase>
        <testcase name="selectLikeOpenEnd" class="MUserTest" classname="MUserTest" file="/workspaces/php-tick/tests/unit/MongoTest.php" line="341" assertions="0" time="0.004995">
          <skipped/>
        </testcase>
        <testcase name="selectLikeOpenStart" class="MUserTest" classname="MUserTest" file="/workspaces/php-tick/tests/unit/MongoTest.php" line="357" assertions="0" time="0.003945">
          <skipped/>
        </testcase>
        <testcase name="sortDecending" class="MUserTest" classname="MUserTest" file="/workspaces/php-tick/tests/unit/MongoTest.php" line="373" assertions="0" time="0.003841">
          <skipped/>
        </testcase>
      </testsuite>
      <testsuite name="RecordTest" file="/workspaces/php-tick/tests/unit/RecordTest.php" tests="2" assertions="2" errors="0" warnings="0" failures="0" skipped="0" time="0.016487">
        <testcase name="readCollectionNameFromDocumentation" class="RecordTest" classname="RecordTest" file="/workspaces/php-tick/tests/unit/RecordTest.php" line="43" assertions="1" time="0.004340"/>
        <testcase name="readConnectionNameFromDocumentation" class="RecordTest" classname="RecordTest" file="/workspaces/php-tick/tests/unit/RecordTest.php" line="56" assertions="1" time="0.012146"/>
      </testsuite>
      <testsuite name="ResultTest" file="/workspaces/php-tick/tests/unit/ResultTest.php" tests="15" assertions="18" errors="0" warnings="0" failures="0" skipped="0" time="0.159073">
        <testcase name="resultObjectWithoutClauses" class="ResultTest" classname="ResultTest" file="/workspaces/php-tick/tests/unit/ResultTest.php" line="58" assertions="1" time="0.011253"/>
        <testcase name="resultObjectWithLimitClause" class="ResultTest" classname="ResultTest" file="/workspaces/php-tick/tests/unit/ResultTest.php" line="71" assertions="1" time="0.010926"/>
        <testcase name="resultObjectWithOffsetClause" class="ResultTest" classname="ResultTest" file="/workspaces/php-tick/tests/unit/ResultTest.php" line="85" assertions="1" time="0.014589"/>
        <testcase name="resultObjectWithOffsetAndLimitClause" class="ResultTest" classname="ResultTest" file="/workspaces/php-tick/tests/unit/ResultTest.php" line="104" assertions="1" time="0.009185"/>
        <testcase name="resultObjectWithOrderByClauseWithOnePropertyAndNoDirection" class="ResultTest" classname="ResultTest" file="/workspaces/php-tick/tests/unit/ResultTest.php" line="118" assertions="1" time="0.010998"/>
        <testcase name="resultObjectWithOrderByClauseWithOnePropertyAndAscDirection" class="ResultTest" classname="ResultTest" file="/workspaces/php-tick/tests/unit/ResultTest.php" line="135" assertions="1" time="0.011747"/>
        <testcase name="resultObjectWithOrderByClauseWithOnePropertyAndDescDirection" class="ResultTest" classname="ResultTest" file="/workspaces/php-tick/tests/unit/ResultTest.php" line="152" assertions="1" time="0.010072"/>
        <testcase name="resultObjectWithOrderByClauseWithTwoProperties" class="ResultTest" classname="ResultTest" file="/workspaces/php-tick/tests/unit/ResultTest.php" line="169" assertions="1" time="0.011374"/>
        <testcase name="resultObjectWithOrderByClauseWithOnePropertyAndLimit" class="ResultTest" classname="ResultTest" file="/workspaces/php-tick/tests/unit/ResultTest.php" line="187" assertions="1" time="0.011236"/>
        <testcase name="resultObjectWithOrderByClauseWithOnePropertyAndLimitAndOffset" class="ResultTest" classname="ResultTest" file="/workspaces/php-tick/tests/unit/ResultTest.php" line="204" assertions="1" time="0.008739"/>
        <testcase name="resultObjectWithWhereClause" class="ResultTest" classname="ResultTest" file="/workspaces/php-tick/tests/unit/ResultTest.php" line="223" assertions="1" time="0.010001"/>
        <testcase name="resultObjectWithWhereEqualsClause" class="ResultTest" classname="ResultTest" file="/workspaces/php-tick/tests/unit/ResultTest.php" line="238" assertions="1" time="0.010176"/>
        <testcase name="resultObjectWithWhereBetweenClause" class="ResultTest" classname="ResultTest" file="/workspaces/php-tick/tests/unit/ResultTest.php" line="253" assertions="1" time="0.008670"/>
        <testcase name="iterateOverResult" class="ResultTest" classname="ResultTest" file="/workspaces/php-tick/tests/unit/ResultTest.php" line="268" assertions="4" time="0.011404"/>
        <testcase name="resultObjectWithOutAnyHit" class="ResultTest" classname="ResultTest" file="/workspaces/php-tick/tests/unit/ResultTest.php" line="286" assertions="1" time="0.008704"/>
      </testsuite>
      <testsuite name="TickTest" file="/workspaces/php-tick/tests/unit/TickTest.php" tests="3" assertions="4" errors="1" warnings="0" failures="0" skipped="0" time="0.769246">
        <testcase name="writeToOneConnectioAndMakeSureItISNotPresentInOtherConnection" class="TickTest" classname="TickTest" file="/workspaces/php-tick/tests/unit/TickTest.php" line="73" assertions="2" time="0.160555"/>
        <testcase name="switchCollectionRuntime" class="TickTest" classname="TickTest" file="/workspaces/php-tick/tests/unit/TickTest.php" line="95" assertions="2" time="0.305553"/>
        <testcase name="switchConnectionRuntime" class="TickTest" classname="TickTest" file="/workspaces/php-tick/tests/unit/TickTest.php" line="121" assertions="0" time="0.303139">
          <error type="TypeError">TickTest::switchConnectionRuntime
TypeError: sizeof(): Argument #1 ($var) must be of type Countable|array, Localgod\Tick\Result given

/workspaces/php-tick/tests/unit/TickTest.php:130</error>
        </testcase>
      </testsuite>
      <testsuite name="UserMailsTest" file="/workspaces/php-tick/tests/unit/UserMailsTest.php" tests="6" assertions="5" errors="1" warnings="0" failures="0" skipped="0" time="0.073682">
        <testcase name="createNew" class="UserMailsTest" classname="UserMailsTest" file="/workspaces/php-tick/tests/unit/UserMailsTest.php" line="57" assertions="0" time="0.014669">
          <error type="PHPUnit\Framework\RiskyTestError">UserMailsTest::createNew
This test did not perform any assertions

/workspaces/php-tick/tests/unit/UserMailsTest.php:57</error>
        </testcase>
        <testcase name="storeNew" class="UserMailsTest" classname="UserMailsTest" file="/workspaces/php-tick/tests/unit/UserMailsTest.php" line="71" assertions="1" time="0.011427"/>
        <testcase name="remove" class="UserMailsTest" classname="UserMailsTest" file="/workspaces/php-tick/tests/unit/UserMailsTest.php" line="92" assertions="1" time="0.012290"/>
        <testcase name="update" class="UserMailsTest" classname="UserMailsTest" file="/workspaces/php-tick/tests/unit/UserMailsTest.php" line="116" assertions="1" time="0.013554"/>
        <testcase name="getWithOneCriteria" class="UserMailsTest" classname="UserMailsTest" file="/workspaces/php-tick/tests/unit/UserMailsTest.php" line="143" assertions="1" time="0.009813"/>
        <testcase name="getWithBiggerThanCriterias" class="UserMailsTest" classname="UserMailsTest" file="/workspaces/php-tick/tests/unit/UserMailsTest.php" line="158" assertions="1" time="0.011928"/>
      </testsuite>
      <testsuite name="UserTest" file="/workspaces/php-tick/tests/unit/UserTest.php" tests="19" assertions="27" errors="2" warnings="0" failures="0" skipped="0" time="0.226457">
        <testcase name="createNew" class="UserTest" classname="UserTest" file="/workspaces/php-tick/tests/unit/UserTest.php" line="54" assertions="4" time="0.010284"/>
        <testcase name="setIdWidthToBigANumber" class="UserTest" classname="UserTest" file="/workspaces/php-tick/tests/unit/UserTest.php" line="70" assertions="0" time="0.011688">
          <error type="RangeException">UserTest::setIdWidthToBigANumber
RangeException: Should be in the range 0-11 characters. Was 12.

/workspaces/php-tick/src/Entity.php:466
/workspaces/php-tick/src/Type.php:52
/workspaces/php-tick/src/Entity.php:310
/workspaces/php-tick/src/Entity.php:166
/workspaces/php-tick/tests/unit/UserTest.php:73</error>
        </testcase>
        <testcase name="setWithToLongString" class="UserTest" classname="UserTest" file="/workspaces/php-tick/tests/unit/UserTest.php" line="83" assertions="0" time="0.020041">
          <error type="RangeException">UserTest::setWithToLongString
RangeException: Should be in the range 0-255 characters. Was 256.

/workspaces/php-tick/src/Entity.php:466
/workspaces/php-tick/src/Type.php:62
/workspaces/php-tick/src/Entity.php:310
/workspaces/php-tick/src/Entity.php:166
/workspaces/php-tick/tests/unit/UserTest.php:87</error>
        </testcase>
        <testcase name="storeNew" class="UserTest" classname="UserTest" file="/workspaces/php-tick/tests/unit/UserTest.php" line="96" assertions="1" time="0.012870"/>
        <testcase name="update" class="UserTest" classname="UserTest" file="/workspaces/php-tick/tests/unit/UserTest.php" line="112" assertions="1" time="0.013641"/>
        <testcase name="remove" class="UserTest" classname="UserTest" file="/workspaces/php-tick/tests/unit/UserTest.php" line="128" assertions="1" time="0.011964"/>
        <testcase name="getWithOneCriteria" class="UserTest" classname="UserTest" file="/workspaces/php-tick/tests/unit/UserTest.php" line="142" assertions="1" time="0.009682"/>
        <testcase name="getWithTwoCriterias" class="UserTest" classname="UserTest" file="/workspaces/php-tick/tests/unit/UserTest.php" line="154" assertions="1" time="0.010740"/>
        <testcase name="getAll" class="UserTest" classname="UserTest" file="/workspaces/php-tick/tests/unit/UserTest.php" line="166" assertions="2" time="0.011904"/>
        <testcase name="getAllWithLimit" class="UserTest" classname="UserTest" file="/workspaces/php-tick/tests/unit/UserTest.php" line="180" assertions="2" time="0.011140"/>
        <testcase name="getAllWithLimitAndOffset" class="UserTest" classname="UserTest" file="/workspaces/php-tick/tests/unit/UserTest.php" line="193" assertions="2" time="0.012219"/>
        <testcase name="getAllOrderByDESC" class="UserTest" classname="UserTest" file="/workspaces/php-tick/tests/unit/UserTest.php" line="206" assertions="2" time="0.013208"/>
        <testcase name="getAllOrderByASC" class="UserTest" classname="UserTest" file="/workspaces/php-tick/tests/unit/UserTest.php" line="219" assertions="2" time="0.011810"/>
        <testcase name="getAllOrderByTwoProperties" class="UserTest" classname="UserTest" file="/workspaces/php-tick/tests/unit/UserTest.php" line="232" assertions="2" time="0.010170"/>
        <testcase name="getAllOrderByNoDirection" class="UserTest" classname="UserTest" file="/workspaces/php-tick/tests/unit/UserTest.php" line="245" assertions="2" time="0.011086"/>
        <testcase name="getWithBiggerThanCriterias" class="UserTest" classname="UserTest" file="/workspaces/php-tick/tests/unit/UserTest.php" line="258" assertions="1" time="0.011031"/>
        <testcase name="getFloatValue" class="UserTest" classname="UserTest" file="/workspaces/php-tick/tests/unit/UserTest.php" line="271" assertions="1" time="0.009662"/>
        <testcase name="setFloatValue" class="UserTest" classname="UserTest" file="/workspaces/php-tick/tests/unit/UserTest.php" line="283" assertions="1" time="0.011299"/>
        <testcase name="setNegativeFloatValue" class="UserTest" classname="UserTest" file="/workspaces/php-tick/tests/unit/UserTest.php" line="300" assertions="1" time="0.012019"/>
      </testsuite>
    </testsuite>
  </testsuite>
</testsuites>
